<?xml version="1.0" encoding="UTF-8"?>
<!-- Generated by org.testng.reporters.JUnitReportReporter -->
<testsuite hostname="LAPTOP-DN3EC3VP" failures="0" tests="1" name="restAssuredTest.demoGetRequest" time="2.748" errors="0" timestamp="2024-03-03T01:04:58 IST" skipped="0">
  <testcase classname="restAssuredTest.demoGetRequest" name="getWeatherDetails" time="2.748"/>
  <system-out/>
</testsuite> <!-- restAssuredTest.demoGetRequest -->
